<?xml version="1.0" encoding="UTF-8" ?>
<testsuite failures="0" time="71.061" errors="0" skipped="0" tests="11" name="test.SqlMybatisProcessEngineTest">
  <properties>
    <property name="java.runtime.name" value="Java(TM) SE Runtime Environment"/>
    <property name="sun.boot.library.path" value="D:\Program Files (x86)\Java\jdk1.6.0_10\jre\bin"/>
    <property name="java.vm.version" value="11.0-b15"/>
    <property name="java.vm.vendor" value="Sun Microsystems Inc."/>
    <property name="java.vendor.url" value="http://java.sun.com/"/>
    <property name="path.separator" value=";"/>
    <property name="java.vm.name" value="Java HotSpot(TM) Client VM"/>
    <property name="file.encoding.pkg" value="sun.io"/>
    <property name="user.country" value="CN"/>
    <property name="sun.java.launcher" value="SUN_STANDARD"/>
    <property name="sun.os.patch.level" value="Service Pack 1"/>
    <property name="java.vm.specification.name" value="Java Virtual Machine Specification"/>
    <property name="user.dir" value="E:\workspace\openwebflow\openwebflow-test"/>
    <property name="java.runtime.version" value="1.6.0_10-b33"/>
    <property name="java.awt.graphicsenv" value="sun.awt.Win32GraphicsEnvironment"/>
    <property name="basedir" value="E:\workspace\openwebflow\openwebflow-test"/>
    <property name="java.endorsed.dirs" value="D:\Program Files (x86)\Java\jdk1.6.0_10\jre\lib\endorsed"/>
    <property name="os.arch" value="x86"/>
    <property name="surefire.real.class.path" value="C:\Users\bluejoe\AppData\Local\Temp\surefirebooter58640.jar"/>
    <property name="java.io.tmpdir" value="C:\Users\bluejoe\AppData\Local\Temp\"/>
    <property name="line.separator" value="
"/>
    <property name="java.vm.specification.vendor" value="Sun Microsystems Inc."/>
    <property name="user.variant" value=""/>
    <property name="os.name" value="Windows Vista"/>
    <property name="sun.jnu.encoding" value="GBK"/>
    <property name="java.library.path" value="D:\Program Files (x86)\Java\jdk1.6.0_10\jre\bin;.;C:\Windows\Sun\Java\bin;C:\Windows\system32;C:\Windows;D:/Program Files (x86)/Java/jre6/bin/client;D:/Program Files (x86)/Java/jre6/bin;D:/Program Files (x86)/Java/jre6/lib/i386;C:\PROGRAM FILES (X86)\COMMON FILES\NETSARANG;C:\Windows\SYSTEM32;C:\Windows;C:\Windows\SYSTEM32\WBEM;C:\Windows\SYSTEM32\WINDOWSPOWERSHELL\V1.0\;C:\PROGRAM FILES (X86)\INTEL\OPENCL SDK\2.0\BIN\X86;C:\PROGRAM FILES (X86)\INTEL\OPENCL SDK\2.0\BIN\X64;C:\PROGRAM FILES (X86)\INTEL\OPENCL SDK\2.0\BIN\X86;C:\PROGRAM FILES (X86)\INTEL\OPENCL SDK\2.0\BIN\X64;C:\PROGRAM FILES\INTEL\WIFI\BIN\;C:\PROGRAM FILES\COMMON FILES\INTEL\WIRELESSCOMMON\;D:\APACHE-MAVEN-3.1.0\BIN;;D:\Program Files (x86)\scala\bin;C:\Program Files\Intel\WiFi\bin\;C:\Program Files\Common Files\Intel\WirelessCommon\;D:\Program Files (x86)\Java\jdk1.7.0_51\bin;D:\eclipse-3.7;"/>
    <property name="surefire.test.class.path" value="E:\workspace\openwebflow\openwebflow-test\target\test-classes;E:\workspace\openwebflow\openwebflow-test\target\classes;E:\workspace\openwebflow\openwebflow-core\target\openwebflow-core-0.9-SNAPSHOT.jar;E:\workspace\openwebflow\openwebflow-mgr-hibernate\target\openwebflow-mgr-hibernate-0.9-SNAPSHOT.jar;D:\repository\org\hibernate\hibernate-core\4.2.0.Final\hibernate-core-4.2.0.Final.jar;D:\repository\antlr\antlr\2.7.7\antlr-2.7.7.jar;D:\repository\org\jboss\logging\jboss-logging\3.1.0.GA\jboss-logging-3.1.0.GA.jar;D:\repository\org\jboss\spec\javax\transaction\jboss-transaction-api_1.1_spec\1.0.0.Final\jboss-transaction-api_1.1_spec-1.0.0.Final.jar;D:\repository\dom4j\dom4j\1.6.1\dom4j-1.6.1.jar;D:\repository\org\hibernate\javax\persistence\hibernate-jpa-2.0-api\1.0.1.Final\hibernate-jpa-2.0-api-1.0.1.Final.jar;D:\repository\org\javassist\javassist\3.15.0-GA\javassist-3.15.0-GA.jar;D:\repository\org\hibernate\common\hibernate-commons-annotations\4.0.1.Final\hibernate-commons-annotations-4.0.1.Final.jar;D:\repository\org\hibernate\hibernate-validator\5.1.2.Final\hibernate-validator-5.1.2.Final.jar;D:\repository\javax\validation\validation-api\1.1.0.Final\validation-api-1.1.0.Final.jar;D:\repository\com\fasterxml\classmate\1.0.0\classmate-1.0.0.jar;D:\repository\org\hibernate\hibernate-ehcache\4.2.0.Final\hibernate-ehcache-4.2.0.Final.jar;D:\repository\net\sf\ehcache\ehcache-core\2.4.3\ehcache-core-2.4.3.jar;D:\repository\org\hibernate\hibernate-validator-annotation-processor\5.1.3.Final\hibernate-validator-annotation-processor-5.1.3.Final.jar;E:\workspace\openwebflow\openwebflow-mgr-mybatis\target\openwebflow-mgr-mybatis-0.9-SNAPSHOT.jar;D:\repository\log4j\log4j\1.2.17\log4j-1.2.17.jar;D:\repository\javax\servlet\servlet-api\2.5\servlet-api-2.5.jar;D:\repository\commons-lang\commons-lang\2.6\commons-lang-2.6.jar;D:\repository\commons-io\commons-io\2.4\commons-io-2.4.jar;D:\repository\commons-collections\commons-collections\2.0\commons-collections-2.0.jar;D:\repository\org\springframework\spring-jdbc\3.2.4.RELEASE\spring-jdbc-3.2.4.RELEASE.jar;D:\repository\org\springframework\spring-beans\3.2.4.RELEASE\spring-beans-3.2.4.RELEASE.jar;D:\repository\org\springframework\spring-core\3.2.4.RELEASE\spring-core-3.2.4.RELEASE.jar;D:\repository\commons-logging\commons-logging\1.1.1\commons-logging-1.1.1.jar;D:\repository\org\springframework\spring-web\3.2.4.RELEASE\spring-web-3.2.4.RELEASE.jar;D:\repository\aopalliance\aopalliance\1.0\aopalliance-1.0.jar;D:\repository\org\springframework\spring-aop\3.2.4.RELEASE\spring-aop-3.2.4.RELEASE.jar;D:\repository\org\springframework\spring-context\3.2.4.RELEASE\spring-context-3.2.4.RELEASE.jar;D:\repository\org\springframework\spring-webmvc\3.2.4.RELEASE\spring-webmvc-3.2.4.RELEASE.jar;D:\repository\org\springframework\spring-expression\3.2.4.RELEASE\spring-expression-3.2.4.RELEASE.jar;D:\repository\org\activiti\activiti-engine\5.16.1\activiti-engine-5.16.1.jar;D:\repository\org\activiti\activiti-bpmn-converter\5.16.1\activiti-bpmn-converter-5.16.1.jar;D:\repository\org\activiti\activiti-bpmn-model\5.16.1\activiti-bpmn-model-5.16.1.jar;D:\repository\org\activiti\activiti-process-validation\5.16.1\activiti-process-validation-5.16.1.jar;D:\repository\org\activiti\activiti-image-generator\5.16.1\activiti-image-generator-5.16.1.jar;D:\repository\org\apache\commons\commons-email\1.2\commons-email-1.2.jar;D:\repository\javax\mail\mail\1.4.1\mail-1.4.1.jar;D:\repository\javax\activation\activation\1.1\activation-1.1.jar;D:\repository\org\apache\commons\commons-lang3\3.3.2\commons-lang3-3.3.2.jar;D:\repository\joda-time\joda-time\2.1\joda-time-2.1.jar;D:\repository\org\slf4j\jcl-over-slf4j\1.7.6\jcl-over-slf4j-1.7.6.jar;D:\repository\org\activiti\activiti-spring\5.16.1\activiti-spring-5.16.1.jar;D:\repository\commons-dbcp\commons-dbcp\1.4\commons-dbcp-1.4.jar;D:\repository\commons-pool\commons-pool\1.5.4\commons-pool-1.5.4.jar;D:\repository\org\activiti\activiti-explorer\5.16.1\activiti-explorer-5.16.1.jar;D:\repository\org\activiti\activiti-json-converter\5.16.1\activiti-json-converter-5.16.1.jar;D:\repository\com\fasterxml\jackson\core\jackson-core\2.2.3\jackson-core-2.2.3.jar;D:\repository\com\fasterxml\jackson\core\jackson-databind\2.2.3\jackson-databind-2.2.3.jar;D:\repository\math\geom2d\javaGeom\0.11.1\javaGeom-0.11.1.jar;D:\repository\org\activiti\activiti-simple-workflow\5.16.1\activiti-simple-workflow-5.16.1.jar;D:\repository\org\activiti\activiti-bpmn-layout\5.16.1\activiti-bpmn-layout-5.16.1.jar;D:\repository\org\tinyjee\jgraphx\jgraphx\1.10.4.1\jgraphx-1.10.4.1.jar;D:\repository\com\fasterxml\jackson\core\jackson-annotations\2.2.3\jackson-annotations-2.2.3.jar;D:\repository\org\activiti\activiti-crystalball\5.16.1\activiti-crystalball-5.16.1.jar;D:\repository\org\slf4j\slf4j-log4j12\1.7.6\slf4j-log4j12-1.7.6.jar;D:\repository\com\vaadin\vaadin\6.8.8\vaadin-6.8.8.jar;D:\repository\org\imgscalr\imgscalr-lib\4.2\imgscalr-lib-4.2.jar;D:\repository\org\codehaus\groovy\groovy-all\2.1.3\groovy-all-2.1.3.jar;D:\repository\org\vaadin\addons\dcharts-widget\0.10.0\dcharts-widget-0.10.0.jar;D:\repository\junit\junit\4.12\junit-4.12.jar;D:\repository\org\hamcrest\hamcrest-core\1.3\hamcrest-core-1.3.jar;D:\repository\com\h2database\h2\1.3.168\h2-1.3.168.jar;D:\repository\mysql\mysql-connector-java\5.1.32\mysql-connector-java-5.1.32.jar;D:\repository\org\slf4j\slf4j-api\1.7.2\slf4j-api-1.7.2.jar;D:\repository\org\slf4j\slf4j-jdk14\1.7.2\slf4j-jdk14-1.7.2.jar;D:\repository\org\mybatis\mybatis\3.2.8\mybatis-3.2.8.jar;D:\repository\org\mybatis\mybatis-spring\1.2.2\mybatis-spring-1.2.2.jar;D:\repository\org\springframework\spring-orm\3.2.4.RELEASE\spring-orm-3.2.4.RELEASE.jar;D:\repository\org\springframework\spring-tx\3.2.4.RELEASE\spring-tx-3.2.4.RELEASE.jar;"/>
    <property name="java.specification.name" value="Java Platform API Specification"/>
    <property name="java.class.version" value="50.0"/>
    <property name="sun.management.compiler" value="HotSpot Client Compiler"/>
    <property name="os.version" value="6.1"/>
    <property name="user.home" value="C:\Users\bluejoe"/>
    <property name="user.timezone" value="Asia/Shanghai"/>
    <property name="java.awt.printerjob" value="sun.awt.windows.WPrinterJob"/>
    <property name="java.specification.version" value="1.6"/>
    <property name="file.encoding" value="GBK"/>
    <property name="user.name" value="bluejoe"/>
    <property name="java.class.path" value="E:\workspace\openwebflow\openwebflow-test\target\test-classes;E:\workspace\openwebflow\openwebflow-test\target\classes;E:\workspace\openwebflow\openwebflow-core\target\openwebflow-core-0.9-SNAPSHOT.jar;E:\workspace\openwebflow\openwebflow-mgr-hibernate\target\openwebflow-mgr-hibernate-0.9-SNAPSHOT.jar;D:\repository\org\hibernate\hibernate-core\4.2.0.Final\hibernate-core-4.2.0.Final.jar;D:\repository\antlr\antlr\2.7.7\antlr-2.7.7.jar;D:\repository\org\jboss\logging\jboss-logging\3.1.0.GA\jboss-logging-3.1.0.GA.jar;D:\repository\org\jboss\spec\javax\transaction\jboss-transaction-api_1.1_spec\1.0.0.Final\jboss-transaction-api_1.1_spec-1.0.0.Final.jar;D:\repository\dom4j\dom4j\1.6.1\dom4j-1.6.1.jar;D:\repository\org\hibernate\javax\persistence\hibernate-jpa-2.0-api\1.0.1.Final\hibernate-jpa-2.0-api-1.0.1.Final.jar;D:\repository\org\javassist\javassist\3.15.0-GA\javassist-3.15.0-GA.jar;D:\repository\org\hibernate\common\hibernate-commons-annotations\4.0.1.Final\hibernate-commons-annotations-4.0.1.Final.jar;D:\repository\org\hibernate\hibernate-validator\5.1.2.Final\hibernate-validator-5.1.2.Final.jar;D:\repository\javax\validation\validation-api\1.1.0.Final\validation-api-1.1.0.Final.jar;D:\repository\com\fasterxml\classmate\1.0.0\classmate-1.0.0.jar;D:\repository\org\hibernate\hibernate-ehcache\4.2.0.Final\hibernate-ehcache-4.2.0.Final.jar;D:\repository\net\sf\ehcache\ehcache-core\2.4.3\ehcache-core-2.4.3.jar;D:\repository\org\hibernate\hibernate-validator-annotation-processor\5.1.3.Final\hibernate-validator-annotation-processor-5.1.3.Final.jar;E:\workspace\openwebflow\openwebflow-mgr-mybatis\target\openwebflow-mgr-mybatis-0.9-SNAPSHOT.jar;D:\repository\log4j\log4j\1.2.17\log4j-1.2.17.jar;D:\repository\javax\servlet\servlet-api\2.5\servlet-api-2.5.jar;D:\repository\commons-lang\commons-lang\2.6\commons-lang-2.6.jar;D:\repository\commons-io\commons-io\2.4\commons-io-2.4.jar;D:\repository\commons-collections\commons-collections\2.0\commons-collections-2.0.jar;D:\repository\org\springframework\spring-jdbc\3.2.4.RELEASE\spring-jdbc-3.2.4.RELEASE.jar;D:\repository\org\springframework\spring-beans\3.2.4.RELEASE\spring-beans-3.2.4.RELEASE.jar;D:\repository\org\springframework\spring-core\3.2.4.RELEASE\spring-core-3.2.4.RELEASE.jar;D:\repository\commons-logging\commons-logging\1.1.1\commons-logging-1.1.1.jar;D:\repository\org\springframework\spring-web\3.2.4.RELEASE\spring-web-3.2.4.RELEASE.jar;D:\repository\aopalliance\aopalliance\1.0\aopalliance-1.0.jar;D:\repository\org\springframework\spring-aop\3.2.4.RELEASE\spring-aop-3.2.4.RELEASE.jar;D:\repository\org\springframework\spring-context\3.2.4.RELEASE\spring-context-3.2.4.RELEASE.jar;D:\repository\org\springframework\spring-webmvc\3.2.4.RELEASE\spring-webmvc-3.2.4.RELEASE.jar;D:\repository\org\springframework\spring-expression\3.2.4.RELEASE\spring-expression-3.2.4.RELEASE.jar;D:\repository\org\activiti\activiti-engine\5.16.1\activiti-engine-5.16.1.jar;D:\repository\org\activiti\activiti-bpmn-converter\5.16.1\activiti-bpmn-converter-5.16.1.jar;D:\repository\org\activiti\activiti-bpmn-model\5.16.1\activiti-bpmn-model-5.16.1.jar;D:\repository\org\activiti\activiti-process-validation\5.16.1\activiti-process-validation-5.16.1.jar;D:\repository\org\activiti\activiti-image-generator\5.16.1\activiti-image-generator-5.16.1.jar;D:\repository\org\apache\commons\commons-email\1.2\commons-email-1.2.jar;D:\repository\javax\mail\mail\1.4.1\mail-1.4.1.jar;D:\repository\javax\activation\activation\1.1\activation-1.1.jar;D:\repository\org\apache\commons\commons-lang3\3.3.2\commons-lang3-3.3.2.jar;D:\repository\joda-time\joda-time\2.1\joda-time-2.1.jar;D:\repository\org\slf4j\jcl-over-slf4j\1.7.6\jcl-over-slf4j-1.7.6.jar;D:\repository\org\activiti\activiti-spring\5.16.1\activiti-spring-5.16.1.jar;D:\repository\commons-dbcp\commons-dbcp\1.4\commons-dbcp-1.4.jar;D:\repository\commons-pool\commons-pool\1.5.4\commons-pool-1.5.4.jar;D:\repository\org\activiti\activiti-explorer\5.16.1\activiti-explorer-5.16.1.jar;D:\repository\org\activiti\activiti-json-converter\5.16.1\activiti-json-converter-5.16.1.jar;D:\repository\com\fasterxml\jackson\core\jackson-core\2.2.3\jackson-core-2.2.3.jar;D:\repository\com\fasterxml\jackson\core\jackson-databind\2.2.3\jackson-databind-2.2.3.jar;D:\repository\math\geom2d\javaGeom\0.11.1\javaGeom-0.11.1.jar;D:\repository\org\activiti\activiti-simple-workflow\5.16.1\activiti-simple-workflow-5.16.1.jar;D:\repository\org\activiti\activiti-bpmn-layout\5.16.1\activiti-bpmn-layout-5.16.1.jar;D:\repository\org\tinyjee\jgraphx\jgraphx\1.10.4.1\jgraphx-1.10.4.1.jar;D:\repository\com\fasterxml\jackson\core\jackson-annotations\2.2.3\jackson-annotations-2.2.3.jar;D:\repository\org\activiti\activiti-crystalball\5.16.1\activiti-crystalball-5.16.1.jar;D:\repository\org\slf4j\slf4j-log4j12\1.7.6\slf4j-log4j12-1.7.6.jar;D:\repository\com\vaadin\vaadin\6.8.8\vaadin-6.8.8.jar;D:\repository\org\imgscalr\imgscalr-lib\4.2\imgscalr-lib-4.2.jar;D:\repository\org\codehaus\groovy\groovy-all\2.1.3\groovy-all-2.1.3.jar;D:\repository\org\vaadin\addons\dcharts-widget\0.10.0\dcharts-widget-0.10.0.jar;D:\repository\junit\junit\4.12\junit-4.12.jar;D:\repository\org\hamcrest\hamcrest-core\1.3\hamcrest-core-1.3.jar;D:\repository\com\h2database\h2\1.3.168\h2-1.3.168.jar;D:\repository\mysql\mysql-connector-java\5.1.32\mysql-connector-java-5.1.32.jar;D:\repository\org\slf4j\slf4j-api\1.7.2\slf4j-api-1.7.2.jar;D:\repository\org\slf4j\slf4j-jdk14\1.7.2\slf4j-jdk14-1.7.2.jar;D:\repository\org\mybatis\mybatis\3.2.8\mybatis-3.2.8.jar;D:\repository\org\mybatis\mybatis-spring\1.2.2\mybatis-spring-1.2.2.jar;D:\repository\org\springframework\spring-orm\3.2.4.RELEASE\spring-orm-3.2.4.RELEASE.jar;D:\repository\org\springframework\spring-tx\3.2.4.RELEASE\spring-tx-3.2.4.RELEASE.jar;"/>
    <property name="java.vm.specification.version" value="1.0"/>
    <property name="sun.arch.data.model" value="32"/>
    <property name="java.home" value="D:\Program Files (x86)\Java\jdk1.6.0_10\jre"/>
    <property name="java.specification.vendor" value="Sun Microsystems Inc."/>
    <property name="user.language" value="zh"/>
    <property name="awt.toolkit" value="sun.awt.windows.WToolkit"/>
    <property name="java.vm.info" value="mixed mode, sharing"/>
    <property name="java.version" value="1.6.0_10"/>
    <property name="java.ext.dirs" value="D:\Program Files (x86)\Java\jdk1.6.0_10\jre\lib\ext;C:\Windows\Sun\Java\lib\ext"/>
    <property name="sun.boot.class.path" value="D:\Program Files (x86)\Java\jdk1.6.0_10\jre\lib\resources.jar;D:\Program Files (x86)\Java\jdk1.6.0_10\jre\lib\rt.jar;D:\Program Files (x86)\Java\jdk1.6.0_10\jre\lib\sunrsasign.jar;D:\Program Files (x86)\Java\jdk1.6.0_10\jre\lib\jsse.jar;D:\Program Files (x86)\Java\jdk1.6.0_10\jre\lib\jce.jar;D:\Program Files (x86)\Java\jdk1.6.0_10\jre\lib\charsets.jar;D:\Program Files (x86)\Java\jdk1.6.0_10\jre\classes"/>
    <property name="java.vendor" value="Sun Microsystems Inc."/>
    <property name="localRepository" value="D:\repository"/>
    <property name="file.separator" value="\"/>
    <property name="java.vendor.url.bug" value="http://java.sun.com/cgi-bin/bugreport.cgi"/>
    <property name="sun.cpu.endian" value="little"/>
    <property name="sun.io.unicode.encoding" value="UnicodeLittle"/>
    <property name="sun.desktop" value="windows"/>
    <property name="sun.cpu.isalist" value="pentium_pro+mmx pentium_pro pentium+mmx pentium i486 i386 i86"/>
  </properties>
  <testcase time="1.466" classname="test.SqlMybatisProcessEngineTest" name="testMultiInstancesLoop"/>
  <testcase time="60.944" classname="test.SqlMybatisProcessEngineTest" name="testAlarm"/>
  <testcase time="1.022" classname="test.SqlMybatisProcessEngineTest" name="testSplit"/>
  <testcase time="0.886" classname="test.SqlMybatisProcessEngineTest" name="testMove"/>
  <testcase time="0.851" classname="test.SqlMybatisProcessEngineTest" name="testCachedDefinitions"/>
  <testcase time="1.572" classname="test.SqlMybatisProcessEngineTest" name="testInsertTasksWithPersistence"/>
  <testcase time="0.953" classname="test.SqlMybatisProcessEngineTest" name="testModelDeployment"/>
  <testcase time="0.803" classname="test.SqlMybatisProcessEngineTest" name="testDelegation"/>
  <testcase time="0.892" classname="test.SqlMybatisProcessEngineTest" name="testInsertTasksAfter"/>
  <testcase time="0.783" classname="test.SqlMybatisProcessEngineTest" name="testInsertTasksBefore"/>
  <testcase time="0.884" classname="test.SqlMybatisProcessEngineTest" name="testActivityPermission"/>
</testsuite>